[info] Log at : 2023/4/11|21:52:52|GMT+0800

[info] Log at : 2023/4/11|21:53:00|GMT+0800

[info] Log at : 2024/10/19|09:26:26|GMT+0800

[info] Log at : 2024/10/19|09:26:31|GMT+0800

[info] Log at : 2024/10/24|09:26:43|GMT+0800

[info] Log at : 2024/10/24|09:26:50|GMT+0800

[info] Log at : 2024/10/24|19:57:57|GMT+0800

[info] Log at : 2024/10/25|14:40:39|GMT+0800

[info] Log at : 2024/10/28|10:35:47|GMT+0800

[info] Log at : 2024/10/28|10:35:52|GMT+0800

[info] Log at : 2024/10/28|11:11:40|GMT+0800

[info] Log at : 2024/10/28|11:17:34|GMT+0800

[info] Log at : 2024/10/28|11:23:13|GMT+0800

[info] Log at : 2024/10/28|11:23:17|GMT+0800

[info] Log at : 2024/10/28|11:23:35|GMT+0800

[info] Log at : 2024/10/28|11:44:38|GMT+0800

[info] Log at : 2024/10/28|11:44:41|GMT+0800

[SyntaxError: Unexpected end of JSON input
	at JSON.parse (<anonymous>)
	at F.updateCppProperties (c:\Users\86198\.vscode\extensions\cl.keil-assistant-1.7.0\dist\extension.js:1:10849)
	at F.<anonymous> (c:\Users\86198\.vscode\extensions\cl.keil-assistant-1.7.0\dist\extension.js:1:12579)
	at Generator.next (<anonymous>)
	at c:\Users\86198\.vscode\extensions\cl.keil-assistant-1.7.0\dist\extension.js:1:4480
	at new Promise (<anonymous>)
	at r (c:\Users\86198\.vscode\extensions\cl.keil-assistant-1.7.0\dist\extension.js:1:4225)
	at F.load (c:\Users\86198\.vscode\extensions\cl.keil-assistant-1.7.0\dist\extension.js:1:11310)
	at w.<anonymous> (c:\Users\86198\.vscode\extensions\cl.keil-assistant-1.7.0\dist\extension.js:1:8737)
	at Generator.next (<anonymous>)
	at a (c:\Users\86198\.vscode\extensions\cl.keil-assistant-1.7.0\dist\extension.js:1:4282)
	at process.processTicksAndRejections (node:internal/process/task_queues:95:5)]
[info] Log at : 2024/10/28|12:02:42|GMT+0800

[info] Log at : 2024/10/28|12:03:58|GMT+0800

[info] Log at : 2024/10/28|18:04:00|GMT+0800

[info] Log at : 2024/10/29|09:56:30|GMT+0800

[info] Log at : 2024/10/30|21:01:11|GMT+0800

[info] Log at : 2024/10/30|21:01:17|GMT+0800

[info] Log at : 2024/10/31|09:35:09|GMT+0800

[info] Log at : 2024/10/31|09:35:13|GMT+0800

[info] Log at : 2024/11/1|11:24:09|GMT+0800

[info] Log at : 2024/11/1|11:24:16|GMT+0800

[info] Log at : 2024/11/2|10:35:57|GMT+0800

[info] Log at : 2024/11/2|10:36:02|GMT+0800

[info] Log at : 2024/11/4|10:00:49|GMT+0800

[info] Log at : 2024/11/4|10:00:53|GMT+0800

[info] Log at : 2024/11/5|09:29:23|GMT+0800

[info] Log at : 2024/11/5|09:29:27|GMT+0800

[info] Log at : 2024/11/6|10:35:25|GMT+0800

[info] Log at : 2024/11/6|10:35:30|GMT+0800

[info] Log at : 2024/11/7|09:56:03|GMT+0800

[info] Log at : 2024/11/7|09:56:07|GMT+0800

[info] Log at : 2024/11/8|09:48:58|GMT+0800

[info] Log at : 2024/11/8|09:49:02|GMT+0800

[info] Log at : 2024/11/8|18:21:19|GMT+0800

[info] Log at : 2024/11/9|10:30:24|GMT+0800

[info] Log at : 2024/11/9|10:59:01|GMT+0800

[info] Log at : 2024/11/9|10:59:04|GMT+0800

[info] Log at : 2024/11/9|11:25:32|GMT+0800

[info] Log at : 2024/11/11|09:51:35|GMT+0800

[info] Log at : 2024/11/11|09:51:44|GMT+0800

[info] Log at : 2024/11/12|15:24:02|GMT+0800

[info] Log at : 2024/11/12|15:24:09|GMT+0800

[info] Log at : 2024/11/12|17:20:34|GMT+0800

[info] Log at : 2024/11/13|12:17:07|GMT+0800

[info] Log at : 2024/11/13|16:05:34|GMT+0800

[info] Log at : 2024/11/13|16:05:41|GMT+0800

[info] Log at : 2024/11/13|19:21:40|GMT+0800

[info] Log at : 2024/11/13|19:21:46|GMT+0800

[info] Log at : 2024/11/14|09:34:12|GMT+0800

[info] Log at : 2024/11/14|11:18:20|GMT+0800

[info] Log at : 2024/11/14|11:18:25|GMT+0800

[info] Log at : 2024/11/14|11:22:29|GMT+0800

[info] Log at : 2024/11/14|11:22:33|GMT+0800

[info] Log at : 2024/11/14|17:45:12|GMT+0800

[info] Log at : 2024/11/14|17:45:17|GMT+0800

[info] Log at : 2024/11/14|17:58:44|GMT+0800

[info] Log at : 2024/11/21|10:07:23|GMT+0800

[info] Log at : 2024/11/21|10:07:33|GMT+0800

[info] Log at : 2024/11/21|10:12:41|GMT+0800

[info] Log at : 2024/11/21|10:12:58|GMT+0800

[info] Log at : 2024/11/21|10:13:02|GMT+0800

[info] Log at : 2024/11/21|10:23:53|GMT+0800

[info] Log at : 2024/11/21|10:34:56|GMT+0800

[info] Log at : 2024/11/21|10:35:00|GMT+0800

[info] Log at : 2024/11/21|15:46:17|GMT+0800

[info] Log at : 2024/11/21|15:46:23|GMT+0800

[info] Log at : 2024/11/21|17:29:08|GMT+0800

[info] Log at : 2024/11/26|10:16:15|GMT+0800

[info] Log at : 2024/11/28|09:51:38|GMT+0800

[info] Log at : 2024/11/28|09:51:43|GMT+0800

[info] Log at : 2024/11/28|11:27:40|GMT+0800

[info] Log at : 2024/11/28|11:27:45|GMT+0800

[info] Log at : 2024/11/29|09:00:39|GMT+0800

[info] Log at : 2024/11/29|09:00:43|GMT+0800

[info] Log at : 2024/11/29|10:44:39|GMT+0800

[info] Log at : 2024/11/29|10:44:47|GMT+0800

[info] Log at : 2024/11/29|20:52:30|GMT+0800

[info] Log at : 2024/11/29|20:52:37|GMT+0800

[info] Log at : 2024/12/2|15:15:05|GMT+0800

[info] Log at : 2024/12/2|15:15:12|GMT+0800

[info] Log at : 2024/12/2|16:16:19|GMT+0800

[info] Log at : 2024/12/2|19:13:27|GMT+0800

[info] Log at : 2024/12/2|19:53:54|GMT+0800

[info] Log at : 2024/12/2|19:54:00|GMT+0800

[info] Log at : 2024/12/3|08:27:26|GMT+0800

[info] Log at : 2024/12/3|08:27:32|GMT+0800

[info] Log at : 2024/12/3|08:59:47|GMT+0800

[info] Log at : 2024/12/3|08:59:49|GMT+0800

[info] Log at : 2024/12/3|16:11:04|GMT+0800

[info] Log at : 2024/12/3|16:11:11|GMT+0800

[info] Log at : 2024/12/3|16:13:47|GMT+0800

[info] Log at : 2024/12/3|16:30:23|GMT+0800

[info] Log at : 2024/12/3|16:30:28|GMT+0800

[info] Log at : 2024/12/3|17:23:37|GMT+0800

[info] Log at : 2024/12/3|19:39:08|GMT+0800

[info] Log at : 2024/12/3|19:39:11|GMT+0800

[info] Log at : 2024/12/4|08:28:36|GMT+0800

[info] Log at : 2024/12/4|08:28:41|GMT+0800

[info] Log at : 2024/12/4|08:33:55|GMT+0800

[info] Log at : 2024/12/4|08:33:59|GMT+0800

[info] Log at : 2024/12/4|16:24:13|GMT+0800

[info] Log at : 2024/12/4|16:24:19|GMT+0800

[info] Log at : 2024/12/5|09:43:32|GMT+0800

[info] Log at : 2024/12/5|09:43:35|GMT+0800

[info] Log at : 2024/12/5|09:54:07|GMT+0800

[info] Log at : 2024/12/5|09:54:09|GMT+0800

[info] Log at : 2024/12/5|09:57:27|GMT+0800

[info] Log at : 2024/12/5|09:57:30|GMT+0800

[info] Log at : 2024/12/5|09:58:15|GMT+0800

[info] Log at : 2024/12/5|09:58:22|GMT+0800

[info] Log at : 2024/12/5|10:00:44|GMT+0800

[info] Log at : 2024/12/5|10:00:48|GMT+0800

[info] Log at : 2024/12/5|10:02:21|GMT+0800

[info] Log at : 2024/12/5|10:04:11|GMT+0800

[info] Log at : 2024/12/5|10:07:16|GMT+0800

[info] Log at : 2024/12/5|10:13:28|GMT+0800

[info] Log at : 2024/12/5|10:17:59|GMT+0800

[info] Log at : 2024/12/5|10:25:16|GMT+0800

[info] Log at : 2024/12/5|10:33:18|GMT+0800

[info] Log at : 2024/12/5|10:36:22|GMT+0800

[info] Log at : 2024/12/5|10:36:33|GMT+0800

[info] Log at : 2024/12/5|10:37:11|GMT+0800

[info] Log at : 2024/12/5|10:47:19|GMT+0800

[info] Log at : 2024/12/5|18:59:26|GMT+0800

[info] Log at : 2024/12/5|18:59:38|GMT+0800

[info] Log at : 2024/12/6|15:07:12|GMT+0800

[info] Log at : 2024/12/6|15:08:27|GMT+0800

[info] Log at : 2024/12/6|20:23:21|GMT+0800

[info] Log at : 2024/12/6|20:23:26|GMT+0800

[info] Log at : 2024/12/9|09:07:40|GMT+0800

[info] Log at : 2024/12/9|09:07:47|GMT+0800

[info] Log at : 2024/12/10|10:02:41|GMT+0800

[info] Log at : 2024/12/10|10:02:50|GMT+0800

[info] Log at : 2024/12/11|09:32:15|GMT+0800

[info] Log at : 2024/12/11|09:32:19|GMT+0800

[info] Log at : 2024/12/11|15:19:23|GMT+0800

[info] Log at : 2024/12/11|15:19:28|GMT+0800

[info] Log at : 2024/12/12|09:51:00|GMT+0800

[info] Log at : 2024/12/12|09:51:06|GMT+0800

[info] Log at : 2024/12/12|09:51:26|GMT+0800

[info] Log at : 2024/12/12|09:51:28|GMT+0800

[info] Log at : 2024/12/12|15:24:20|GMT+0800

[info] Log at : 2024/12/12|15:24:24|GMT+0800

[info] Log at : 2024/12/12|18:57:34|GMT+0800

[info] Log at : 2024/12/12|18:57:42|GMT+0800

[info] Log at : 2024/12/13|09:30:17|GMT+0800

[info] Log at : 2024/12/13|09:30:21|GMT+0800

[info] Log at : 2024/12/13|10:50:38|GMT+0800

[info] Log at : 2024/12/13|10:50:51|GMT+0800

[info] Log at : 2024/12/13|19:26:59|GMT+0800

[info] Log at : 2024/12/13|19:27:02|GMT+0800

[info] Log at : 2024/12/14|09:49:21|GMT+0800

[info] Log at : 2024/12/14|09:49:24|GMT+0800

[info] Log at : 2024/12/14|11:16:51|GMT+0800

[info] Log at : 2024/12/14|11:17:07|GMT+0800

[info] Log at : 2024/12/14|11:17:12|GMT+0800

[info] Log at : 2024/12/14|16:42:53|GMT+0800

[info] Log at : 2024/12/14|16:46:50|GMT+0800

[info] Log at : 2024/12/16|09:32:21|GMT+0800

[info] Log at : 2024/12/16|09:32:26|GMT+0800

[info] Log at : 2024/12/16|11:02:31|GMT+0800

[info] Log at : 2024/12/16|15:07:54|GMT+0800

[info] Log at : 2024/12/16|15:07:57|GMT+0800

[info] Log at : 2024/12/17|17:38:42|GMT+0800

[info] Log at : 2024/12/17|17:41:23|GMT+0800

[info] Log at : 2024/12/17|17:41:28|GMT+0800

[info] Log at : 2024/12/18|09:46:06|GMT+0800

[info] Log at : 2024/12/18|09:46:12|GMT+0800

[info] Log at : 2024/12/18|17:57:42|GMT+0800

[info] Log at : 2024/12/18|17:57:47|GMT+0800

[info] Log at : 2024/12/19|09:21:09|GMT+0800

[info] Log at : 2024/12/19|09:21:15|GMT+0800

[info] Log at : 2024/12/19|10:24:35|GMT+0800

[info] Log at : 2024/12/19|10:24:42|GMT+0800

[info] Log at : 2024/12/20|10:13:08|GMT+0800

[info] Log at : 2024/12/20|10:13:13|GMT+0800

[info] Log at : 2024/12/20|11:14:13|GMT+0800

[info] Log at : 2024/12/23|10:45:20|GMT+0800

[info] Log at : 2024/12/24|15:25:11|GMT+0800

[info] Log at : 2025/1/15|19:18:02|GMT+0800

[info] Log at : 2025/1/15|19:18:08|GMT+0800

[info] Log at : 2025/1/16|10:10:54|GMT+0800

[info] Log at : 2025/1/16|10:10:59|GMT+0800

[info] Log at : 2025/1/16|10:57:44|GMT+0800

[info] Log at : 2025/1/16|15:35:52|GMT+0800

[info] Log at : 2025/1/16|15:35:55|GMT+0800

[info] Log at : 2025/3/10|09:42:45|GMT+0800

[info] Log at : 2025/3/10|09:42:54|GMT+0800

[info] Log at : 2025/3/10|10:22:26|GMT+0800

[info] Log at : 2025/3/10|10:22:29|GMT+0800

[info] Log at : 2025/3/10|10:23:10|GMT+0800

[info] Log at : 2025/3/12|10:04:38|GMT+0800

[info] Log at : 2025/3/12|10:04:52|GMT+0800

[info] Log at : 2025/3/12|19:49:00|GMT+0800

[info] Log at : 2025/3/12|19:49:04|GMT+0800

[info] Log at : 2025/3/12|21:09:09|GMT+0800

[info] Log at : 2025/3/13|10:28:58|GMT+0800

[info] Log at : 2025/3/13|10:29:02|GMT+0800

[info] Log at : 2025/3/13|11:44:37|GMT+0800

[info] Log at : 2025/3/13|11:44:47|GMT+0800

[info] Log at : 2025/3/14|10:02:34|GMT+0800

[info] Log at : 2025/3/17|09:23:27|GMT+0800

[info] Log at : 2025/3/17|09:23:30|GMT+0800

[info] Log at : 2025/3/17|10:22:41|GMT+0800

[info] Log at : 2025/3/17|10:22:49|GMT+0800

[info] Log at : 2025/3/17|10:23:31|GMT+0800

[info] Log at : 2025/3/17|10:23:37|GMT+0800

[info] Log at : 2025/3/18|11:21:54|GMT+0800

[info] Log at : 2025/3/18|11:21:59|GMT+0800

[info] Log at : 2025/3/19|08:30:51|GMT+0800

[info] Log at : 2025/3/19|08:30:54|GMT+0800

[info] Log at : 2025/3/19|10:21:27|GMT+0800

[info] Log at : 2025/3/19|10:21:36|GMT+0800

[info] Log at : 2025/3/19|20:57:12|GMT+0800

[info] Log at : 2025/3/19|20:57:16|GMT+0800

[info] Log at : 2025/3/19|22:09:32|GMT+0800

[info] Log at : 2025/3/19|22:09:35|GMT+0800

[info] Log at : 2025/3/19|22:18:48|GMT+0800

[info] Log at : 2025/3/19|22:18:51|GMT+0800

[info] Log at : 2025/3/20|09:08:34|GMT+0800

[info] Log at : 2025/3/20|09:08:38|GMT+0800

[info] Log at : 2025/3/20|10:43:41|GMT+0800

[info] Log at : 2025/3/20|10:43:49|GMT+0800

[info] Log at : 2025/3/20|10:43:54|GMT+0800

[info] Log at : 2025/3/22|09:22:14|GMT+0800

[info] Log at : 2025/3/22|09:22:17|GMT+0800

[info] Log at : 2025/3/23|16:06:58|GMT+0800

[info] Log at : 2025/3/23|16:07:03|GMT+0800

[info] Log at : 2025/3/25|09:37:37|GMT+0800

[info] Log at : 2025/3/25|09:37:40|GMT+0800

[info] Log at : 2025/4/15|09:48:34|GMT+0800

[info] Log at : 2025/4/15|09:48:38|GMT+0800

[info] Log at : 2025/4/21|09:46:18|GMT+0800

[info] Log at : 2025/4/22|16:55:15|GMT+0800

[info] Log at : 2025/4/22|16:55:17|GMT+0800

[info] Log at : 2025/4/24|16:47:46|GMT+0800

[info] Log at : 2025/4/24|21:52:19|GMT+0800

[info] Log at : 2025/4/24|21:52:27|GMT+0800

[info] Log at : 2025/4/24|22:00:24|GMT+0800

[info] Log at : 2025/4/24|22:00:59|GMT+0800

[info] Log at : 2025/5/8|09:03:49|GMT+0800

[info] Log at : 2025/5/8|09:03:56|GMT+0800

[info] Log at : 2025/5/8|16:05:28|GMT+0800

[info] Log at : 2025/5/8|16:05:47|GMT+0800

[info] Log at : 2025/5/8|16:40:41|GMT+0800

[info] Log at : 2025/5/12|08:50:34|GMT+0800

[info] Log at : 2025/5/12|08:50:38|GMT+0800

[info] Log at : 2025/5/12|18:59:24|GMT+0800

[info] Log at : 2025/5/12|18:59:32|GMT+0800

[info] Log at : 2025/5/13|11:08:21|GMT+0800

[info] Log at : 2025/5/13|11:08:29|GMT+0800

[info] Log at : 2025/5/15|15:15:47|GMT+0800

[info] Log at : 2025/5/16|09:30:12|GMT+0800

[info] Log at : 2025/5/16|09:30:18|GMT+0800

[info] Log at : 2025/5/19|19:20:33|GMT+0800

[info] Log at : 2025/5/19|19:20:49|GMT+0800

