*** Using Compiler 'V5.06 update 7 (build 960)', folder: 'D:\Keil_v5-\ARM\ARMCC\Bin'
Rebuild target 'Template'
assembling startup_stm32f40_41xxx.s...
compiling misc.c...
compiling stm32f4xx_syscfg.c...
compiling stm32f4xx_gpio.c...
compiling stm32f4xx_usart.c...
compiling stm32f4xx_fsmc.c...
compiling stm32f4xx_rcc.c...
compiling stm32f4xx_tim.c...
compiling stm32f4xx_spi.c...
compiling stm32f4xx_i2c.c...
compiling stm32f4xx_adc.c...
compiling stm32f4xx_exti.c...
compiling stm32f4xx_dma.c...
compiling key.c...
compiling crc16.c...
compiling pwm.c...
compiling adc.c...
compiling protect.c...
compiling timer.c...
compiling touchscreen.c...
compiling spi.c...
compiling usart.c...
compiling cpu_c.c...
compiling sys.c...
compiling delay.c...
compiling cpu_core.c...
assembling cpu_a.asm...
compiling lib_ascii.c...
compiling stm32f4xx_rng.c...
compiling thermocoupleIO.c...
compiling system_stm32f4xx.c...
compiling lib_math.c...
compiling bsp.c...
assembling lib_mem_a.asm...
compiling lib_mem.c...
compiling os_cfg_app.c...
compiling lib_str.c...
compiling os_dbg.c...
compiling os_core.c...
compiling os_flag.c...
compiling os_int.c...
compiling os_mem.c...
compiling os_msg.c...
compiling os_pend_multi.c...
compiling os_prio.c...
compiling os_q.c...
compiling os_mutex.c...
compiling os_sem.c...
compiling os_stat.c...
compiling os_tick.c...
compiling os_time.c...
compiling os_task.c...
compiling os_var.c...
assembling os_cpu_a.asm...
compiling os_tmr.c...
compiling os_app_hooks.c...
compiling os_cpu_c.c...
compiling usbh_ioreq.c...
compiling usbh_stdreq.c...
compiling usbh_hcs.c...
compiling usbh_core.c...
compiling usb_core.c...
compiling usb_hcd.c...
compiling ff.c...
compiling usb_hcd_int.c...
compiling usbh_msc_core.c...
compiling usbh_msc_fatfs.c...
compiling usbh_msc_bot.c...
compiling usbh_msc_scsi.c...
compiling Kalman.c...
compiling main.c...
compiling stm32f4xx_it.c...
compiling usb_bsp.c...
compiling log.c...
compiling pid.c...
compiling filter.c...
compiling tempcompa.c...
compiling usbh_msc_usr.c...
compiling welding_process.c...
linking...
Program Size: Code=112852 RO-data=2732 RW-data=1796 ZI-data=121460  
FromELF: creating hex file...
"..\OBJ\Template.axf" - 0 Error(s), 0 Warning(s).
Build Time Elapsed:  00:00:26
