*** Using Compiler 'V5.06 update 6 (build 750)', folder: 'D:\Keil5_MDK\ARM\ARMCC\Bin'
Rebuild target 'Template'
assembling startup_stm32f40_41xxx.s...
compiling stm32f4xx_adc.c...
compiling misc.c...
compiling stm32f4xx_gpio.c...
compiling stm32f4xx_syscfg.c...
compiling stm32f4xx_usart.c...
compiling system_stm32f4xx.c...
compiling stm32f4xx_fsmc.c...
compiling stm32f4xx_dma.c...
compiling sys.c...
compiling stm32f4xx_rng.c...
compiling delay.c...
compiling stm32f4xx_tim.c...
compiling stm32f4xx_exti.c...
compiling stm32f4xx_spi.c...
compiling stm32f4xx_rcc.c...
assembling cpu_a.asm...
compiling spi.c...
compiling cpu_c.c...
compiling timer.c...
compiling cpu_core.c...
compiling pwm.c...
compiling adc.c...
compiling lib_ascii.c...
compiling lib_math.c...
assembling lib_mem_a.asm...
compiling protect.c...
compiling lib_mem.c...
compiling lib_str.c...
compiling touchscreen.c...
compiling os_cfg_app.c...
compiling usart.c...
compiling thermocouple.c...
compiling io_ctrl.c...
compiling usb_bsp.c...
compiling bsp.c...
compiling os_core.c...
compiling modebus_bsp.c...
compiling os_dbg.c...
compiling os_int.c...
compiling os_flag.c...
compiling os_mem.c...
compiling os_msg.c...
compiling os_pend_multi.c...
compiling os_mutex.c...
compiling os_prio.c...
compiling os_q.c...
compiling os_sem.c...
compiling os_stat.c...
compiling os_tick.c...
compiling os_task.c...
compiling os_time.c...
compiling os_tmr.c...
compiling os_var.c...
assembling os_cpu_a.asm...
compiling os_app_hooks.c...
compiling unicode.c...
compiling ff.c...
compiling os_cpu_c.c...
compiling usbh_core.c...
compiling usbh_hcs.c...
compiling mbfuncdiag.c...
compiling usbh_ioreq.c...
compiling usbh_stdreq.c...
compiling usbh_msc_core.c...
compiling usbh_msc_bot.c...
compiling usbh_msc_fatfs.c...
compiling usb_hcd.c...
compiling usbh_msc_scsi.c...
compiling usb_hcd_int.c...
compiling usb_core.c...
compiling mbfunccoils.c...
compiling mbfuncfile.c...
compiling mbfuncdisc.c...
compiling mbfuncholding.c...
compiling mbfuncinput.c...
compiling mbfuncother.c...
compiling mbutils.c...
compiling mbcrc.c...
compiling mbrtu.c...
compiling port.c...
..\LIB\FreeModbus\port\port.c(25): warning:  #1461-D: function declared with "noreturn" does return
  }
..\LIB\FreeModbus\port\port.c: 1 warning, 0 errors
compiling mb.c...
compiling port_bsp.c...
compiling portevent.c...
compiling portserial.c...
compiling porttimer.c...
compiling main.c...
compiling log.c...
compiling PID.c...
compiling filter.c...
compiling dynamic_correct.c...
compiling welding_process.c...
compiling stm32f4xx_it.c...
compiling modbus_app.c...
compiling touch_screen_app.c...
compiling usbh_app.c...
linking...
Program Size: Code=120248 RO-data=63472 RW-data=1508 ZI-data=118468  
FromELF: creating hex file...
"..\OBJ\Template.axf" - 0 Error(s), 1 Warning(s).
Build Time Elapsed:  00:00:10
